<?xml version="1.0" encoding="UTF-8"?>
<testng-results ignored="0" total="1" passed="1" failed="0" skipped="0">
  <reporter-output>
  </reporter-output>
  <suite started-at="2025-02-19T13:23:07 IST" name="Default suite" finished-at="2025-02-19T13:23:38 IST" duration-ms="31536">
    <groups>
    </groups>
    <test started-at="2025-02-19T13:23:07 IST" name="Default test" finished-at="2025-02-19T13:23:38 IST" duration-ms="31536">
      <class name="feb17.Naukari">
        <test-method is-config="true" signature="Login()[pri:0, instance:feb17.Naukari@53045c6c]" started-at="2025-02-19T13:22:57 IST" name="Login" finished-at="2025-02-19T13:23:07 IST" duration-ms="9726" status="PASS">
          <reporter-output>
          </reporter-output>
        </test-method> <!-- Login -->
        <test-method signature="Update()[pri:0, instance:feb17.Naukari@53045c6c]" started-at="2025-02-19T13:23:07 IST" name="Update" finished-at="2025-02-19T13:23:37 IST" duration-ms="30617" status="PASS">
          <reporter-output>
          </reporter-output>
        </test-method> <!-- Update -->
        <test-method is-config="true" signature="Teardown()[pri:0, instance:feb17.Naukari@53045c6c]" started-at="2025-02-19T13:23:37 IST" name="Teardown" finished-at="2025-02-19T13:23:38 IST" duration-ms="877" status="PASS">
          <reporter-output>
          </reporter-output>
        </test-method> <!-- Teardown -->
      </class> <!-- feb17.Naukari -->
    </test> <!-- Default test -->
  </suite> <!-- Default suite -->
</testng-results>
